0 info it worked if it ends with ok
1 verbose cli [ '/usr/local/bin/node',
1 verbose cli   '/usr/local/bin/npm',
1 verbose cli   'i',
1 verbose cli   'socket.io',
1 verbose cli   '--save' ]
2 info using npm@3.3.12
3 info using node@v5.4.1
4 silly loadCurrentTree Starting
5 silly install loadCurrentTree
6 silly install readLocalPackageData
7 silly fetchPackageMetaData socket.io
8 silly fetchNamedPackageData socket.io
9 silly mapToRegistry name socket.io
10 silly mapToRegistry using default registry
11 silly mapToRegistry registry https://registry.npmjs.org/
12 silly mapToRegistry uri https://registry.npmjs.org/socket.io
13 verbose request uri https://registry.npmjs.org/socket.io
14 verbose request no auth needed
15 info attempt registry request try #1 at 7:30:43 PM
16 verbose request id 8799bd06e6e27c15
17 verbose etag W/"beb6bbf37750b1941359bc7bf04a7cdc"
18 verbose lastModified Thu, 14 Jun 2018 11:49:49 GMT
19 http request GET https://registry.npmjs.org/socket.io
20 http 200 https://registry.npmjs.org/socket.io
21 verbose headers { date: 'Sat, 09 Apr 2022 02:30:44 GMT',
21 verbose headers   'content-type': 'application/json',
21 verbose headers   'transfer-encoding': 'chunked',
21 verbose headers   connection: 'keep-alive',
21 verbose headers   'cf-ray': '6f8fd28d5a76e38e-SEA',
21 verbose headers   age: '234',
21 verbose headers   'cache-control': 'public, max-age=300',
21 verbose headers   etag: 'W/"03988cc1e168b3cf44afeba5826dc92b"',
21 verbose headers   'last-modified': 'Mon, 28 Mar 2022 18:19:54 GMT',
21 verbose headers   vary: 'accept-encoding, accept',
21 verbose headers   'cf-cache-status': 'HIT',
21 verbose headers   'expect-ct': 'max-age=604800, report-uri="https://report-uri.cloudflare.com/cdn-cgi/beacon/expect-ct"',
21 verbose headers   'x-amz-replication-status': 'PENDING',
21 verbose headers   server: 'cloudflare',
21 verbose headers   'content-encoding': 'gzip' }
22 silly get cb [ 200,
22 silly get   { date: 'Sat, 09 Apr 2022 02:30:44 GMT',
22 silly get     'content-type': 'application/json',
22 silly get     'transfer-encoding': 'chunked',
22 silly get     connection: 'keep-alive',
22 silly get     'cf-ray': '6f8fd28d5a76e38e-SEA',
22 silly get     age: '234',
22 silly get     'cache-control': 'public, max-age=300',
22 silly get     etag: 'W/"03988cc1e168b3cf44afeba5826dc92b"',
22 silly get     'last-modified': 'Mon, 28 Mar 2022 18:19:54 GMT',
22 silly get     vary: 'accept-encoding, accept',
22 silly get     'cf-cache-status': 'HIT',
22 silly get     'expect-ct': 'max-age=604800, report-uri="https://report-uri.cloudflare.com/cdn-cgi/beacon/expect-ct"',
22 silly get     'x-amz-replication-status': 'PENDING',
22 silly get     server: 'cloudflare',
22 silly get     'content-encoding': 'gzip' } ]
23 verbose get saving socket.io to /Users/ashlinaronin/.npm/registry.npmjs.org/socket.io/.cache.json
24 silly install normalizeTree
25 silly loadCurrentTree Finishing
26 silly loadIdealTree Starting
27 silly install loadIdealTree
28 silly cloneCurrentTree Starting
29 silly install cloneCurrentTreeToIdealTree
30 silly cloneCurrentTree Finishing
31 silly loadShrinkwrap Starting
32 silly install loadShrinkwrap
33 silly loadShrinkwrap Finishing
34 silly loadAllDepsIntoIdealTree Starting
35 silly install loadAllDepsIntoIdealTree
36 warn engine socket.io@4.4.1: wanted: {"node":">=10.0.0"} (current: {"node":"5.4.1","npm":"3.3.12"})
37 verbose stack Error: Missing required argument #1
37 verbose stack     at andLogAndFinish (/usr/local/lib/node_modules/npm/lib/fetch-package-metadata.js:31:3)
37 verbose stack     at fetchPackageMetadata (/usr/local/lib/node_modules/npm/lib/fetch-package-metadata.js:51:22)
37 verbose stack     at resolveWithNewModule (/usr/local/lib/node_modules/npm/lib/install/deps.js:445:12)
37 verbose stack     at /usr/local/lib/node_modules/npm/lib/install/deps.js:191:5
37 verbose stack     at /usr/local/lib/node_modules/npm/node_modules/slide/lib/async-map.js:52:35
37 verbose stack     at Array.forEach (native)
37 verbose stack     at /usr/local/lib/node_modules/npm/node_modules/slide/lib/async-map.js:52:11
37 verbose stack     at Array.forEach (native)
37 verbose stack     at asyncMap (/usr/local/lib/node_modules/npm/node_modules/slide/lib/async-map.js:51:8)
37 verbose stack     at exports.loadRequestedDeps (/usr/local/lib/node_modules/npm/lib/install/deps.js:189:3)
38 verbose cwd /Users/ashlinaronin/Development/geomorph
39 error Darwin 18.7.0
40 error argv "/usr/local/bin/node" "/usr/local/bin/npm" "i" "socket.io" "--save"
41 error node v5.4.1
42 error npm  v3.3.12
43 error code EMISSINGARG
44 error typeerror Error: Missing required argument #1
44 error typeerror     at andLogAndFinish (/usr/local/lib/node_modules/npm/lib/fetch-package-metadata.js:31:3)
44 error typeerror     at fetchPackageMetadata (/usr/local/lib/node_modules/npm/lib/fetch-package-metadata.js:51:22)
44 error typeerror     at resolveWithNewModule (/usr/local/lib/node_modules/npm/lib/install/deps.js:445:12)
44 error typeerror     at /usr/local/lib/node_modules/npm/lib/install/deps.js:191:5
44 error typeerror     at /usr/local/lib/node_modules/npm/node_modules/slide/lib/async-map.js:52:35
44 error typeerror     at Array.forEach (native)
44 error typeerror     at /usr/local/lib/node_modules/npm/node_modules/slide/lib/async-map.js:52:11
44 error typeerror     at Array.forEach (native)
44 error typeerror     at asyncMap (/usr/local/lib/node_modules/npm/node_modules/slide/lib/async-map.js:51:8)
44 error typeerror     at exports.loadRequestedDeps (/usr/local/lib/node_modules/npm/lib/install/deps.js:189:3)
44 error typeerror This is an error with npm itself. Please report this error at:
44 error typeerror     <http://github.com/npm/npm/issues>
45 verbose exit [ 1, true ]
